#-----------------------------------------------------------
# Vivado v2018.3 (64-bit)
# SW Build 2405991 on Thu Dec  6 23:38:27 MST 2018
# IP Build 2404404 on Fri Dec  7 01:43:56 MST 2018
# Start of session at: Mon May 20 22:17:36 2024
# Process ID: 25220
# Current directory: D:/software_download_zc/Vivado/vivado_my_projects_2/IC/vivado_ddrc_484_2_ddr_eth
# Command line: vivado.exe -gui_launcher_event rodinguilauncherevent29516 D:\software_download_zc\Vivado\vivado_my_projects_2\IC\vivado_ddrc_484_2_ddr_eth\ddrc_484_2.xpr
# Log file: D:/software_download_zc/Vivado/vivado_my_projects_2/IC/vivado_ddrc_484_2_ddr_eth/vivado.log
# Journal file: D:/software_download_zc/Vivado/vivado_my_projects_2/IC/vivado_ddrc_484_2_ddr_eth\vivado.jou
#-----------------------------------------------------------
start_gui
open_project D:/software_download_zc/Vivado/vivado_my_projects_2/IC/vivado_ddrc_484_2_ddr_eth/ddrc_484_2.xpr
Scanning sources...
Finished scanning sources
INFO: [IP_Flow 19-234] Refreshing IP repositories
INFO: [IP_Flow 19-1704] No user IP repositories specified
INFO: [IP_Flow 19-2313] Loaded Vivado IP repository 'D:/software_download_zc/Vivado/download/Vivado/2018.3/data/ip'.
update_compile_order -fileset sources_1
exit
INFO: [Common 17-206] Exiting Vivado at Mon May 20 22:18:23 2024...
