#-----------------------------------------------------------
# Vivado v2018.3 (64-bit)
# SW Build 2405991 on Thu Dec  6 23:38:27 MST 2018
# IP Build 2404404 on Fri Dec  7 01:43:56 MST 2018
# Start of session at: Mon May 20 23:50:09 2024
# Process ID: 27192
# Current directory: D:/software_download_zc/Vivado/vivado_my_projects_2/IC/vivado_ddrc_484_2_ddr_eth
# Command line: vivado.exe -gui_launcher_event rodinguilauncherevent27616 D:\software_download_zc\Vivado\vivado_my_projects_2\IC\vivado_ddrc_484_2_ddr_eth\ddrc_484_2.xpr
# Log file: D:/software_download_zc/Vivado/vivado_my_projects_2/IC/vivado_ddrc_484_2_ddr_eth/vivado.log
# Journal file: D:/software_download_zc/Vivado/vivado_my_projects_2/IC/vivado_ddrc_484_2_ddr_eth\vivado.jou
#-----------------------------------------------------------
start_gui
open_project D:/software_download_zc/Vivado/vivado_my_projects_2/IC/vivado_ddrc_484_2_ddr_eth/ddrc_484_2.xpr
Scanning sources...
Finished scanning sources
INFO: [IP_Flow 19-234] Refreshing IP repositories
INFO: [IP_Flow 19-1704] No user IP repositories specified
INFO: [IP_Flow 19-2313] Loaded Vivado IP repository 'D:/software_download_zc/Vivado/download/Vivado/2018.3/data/ip'.
open_project: Time (s): cpu = 00:00:03 ; elapsed = 00:00:05 . Memory (MB): peak = 786.746 ; gain = 129.859
update_compile_order -fileset sources_1
open_hw
connect_hw_server
INFO: [Labtools 27-2285] Connecting to hw_server url TCP:localhost:3121
INFO: [Labtools 27-2222] Launching hw_server...
INFO: [Labtools 27-2221] Launch Output:

****** Xilinx hw_server v2018.3
  **** Build date : Dec  7 2018-00:40:27
    ** Copyright 1986-2018 Xilinx, Inc. All Rights Reserved.


open_hw_target
INFO: [Labtoolstcl 44-466] Opening hw_target localhost:3121/xilinx_tcf/Digilent/D305B979ABCD
set_property PROGRAM.FILE {D:/software_download_zc/Vivado/vivado_my_projects_2/IC/vivado_ddrc_484_2_ddr_eth/ddrc_484_2.runs/impl_1/top.bit} [get_hw_devices xc7a35t_0]
set_property PROBES.FILE {D:/software_download_zc/Vivado/vivado_my_projects_2/IC/vivado_ddrc_484_2_ddr_eth/ddrc_484_2.runs/impl_1/top.ltx} [get_hw_devices xc7a35t_0]
set_property FULL_PROBES.FILE {D:/software_download_zc/Vivado/vivado_my_projects_2/IC/vivado_ddrc_484_2_ddr_eth/ddrc_484_2.runs/impl_1/top.ltx} [get_hw_devices xc7a35t_0]
current_hw_device [get_hw_devices xc7a35t_0]
refresh_hw_device [lindex [get_hw_devices xc7a35t_0] 0]
INFO: [Labtools 27-1434] Device xc7a35t (JTAG device index = 0) is programmed with a design that has no supported debug core(s) in it.
WARNING: [Labtools 27-3361] The debug hub core was not detected.
Resolution: 
1. Make sure the clock connected to the debug hub (dbg_hub) core is a free running clock and is active.
2. Make sure the BSCAN_SWITCH_USER_MASK device property in Vivado Hardware Manager reflects the user scan chain setting in the design and refresh the device.  To determine the user scan chain setting in the design, open the implemented design and use 'get_property C_USER_SCAN_CHAIN [get_debug_cores dbg_hub]'.
For more details on setting the scan chain property, consult the Vivado Debug and Programming User Guide (UG908).
WARNING: [Labtools 27-3413] Dropping logic core with cellname:'u_ila_0' at location 'uuid_23E7D65A79BC59F7BC47406C1714DFAE' from probes file, since it cannot be found on the programmed device.
WARNING: [Labtools 27-3413] Dropping logic core with cellname:'u_zc_ddr_mig/u_vio_phy_init_done' at location 'uuid_9BAEB82D217C560CB37CA3C18057601B' from probes file, since it cannot be found on the programmed device.
WARNING: [Labtools 27-3413] Dropping logic core with cellname:'u_user_rw_req_generate/u_vio_rw_trigger' at location 'uuid_A1A0FC274F6455BEB9BAB5FBC83A8E2E' from probes file, since it cannot be found on the programmed device.
set_property PROBES.FILE {D:/software_download_zc/Vivado/vivado_my_projects_2/IC/vivado_ddrc_484_2_ddr_eth/ddrc_484_2.runs/impl_1/top.ltx} [get_hw_devices xc7a35t_0]
set_property FULL_PROBES.FILE {D:/software_download_zc/Vivado/vivado_my_projects_2/IC/vivado_ddrc_484_2_ddr_eth/ddrc_484_2.runs/impl_1/top.ltx} [get_hw_devices xc7a35t_0]
set_property PROGRAM.FILE {D:/software_download_zc/Vivado/vivado_my_projects_2/IC/vivado_ddrc_484_2_ddr_eth/ddrc_484_2.runs/impl_1/top.bit} [get_hw_devices xc7a35t_0]
program_hw_devices [get_hw_devices xc7a35t_0]
INFO: [Labtools 27-3164] End of startup status: HIGH
refresh_hw_device [lindex [get_hw_devices xc7a35t_0] 0]
INFO: [Labtools 27-2302] Device xc7a35t (JTAG device index = 0) is programmed with a design that has 1 ILA core(s).
INFO: [Labtools 27-2302] Device xc7a35t (JTAG device index = 0) is programmed with a design that has 2 VIO core(s).
WARNING: [Labtools 27-1952] VIO hw_probe OUTPUT_VALUE properties for hw_vio(s) [hw_vio_2] differ from output values in the VIO core(s).
Resolution: 
To synchronize the hw_probes properties and the VIO core outputs choose one of the following alternatives:
  1) Execute the command 'Commit Output Values to VIO Core', to write down the hw_probe values to the core.
  2) Execute the command 'Refresh Input and Output Values from VIO Core', to update the hw_probe properties with the core values.
  3) First restore initial values in the core with the command 'Reset VIO Core Outputs', and then execute the command 'Refresh Input and Output Values from VIO Core'.
display_hw_ila_data [ get_hw_ila_data hw_ila_data_1 -of_objects [get_hw_ilas -of_objects [get_hw_devices xc7a35t_0] -filter {CELL_NAME=~"u_ila_0"}]]
run_hw_ila [get_hw_ilas -of_objects [get_hw_devices xc7a35t_0] -filter {CELL_NAME=~"u_ila_0"}]
INFO: [Labtools 27-1964] The ILA core 'hw_ila_1' trigger was armed at 2024-May-20 23:54:52
set_property OUTPUT_VALUE 0 [get_hw_probes u_zc_ddr_mig/phy_init_done -of_objects [get_hw_vios -of_objects [get_hw_devices xc7a35t_0] -filter {CELL_NAME=~"u_zc_ddr_mig/u_vio_phy_init_done"}]]
commit_hw_vio [get_hw_probes {u_zc_ddr_mig/phy_init_done} -of_objects [get_hw_vios -of_objects [get_hw_devices xc7a35t_0] -filter {CELL_NAME=~"u_zc_ddr_mig/u_vio_phy_init_done"}]]
set_property OUTPUT_VALUE 1 [get_hw_probes u_zc_ddr_mig/phy_init_done -of_objects [get_hw_vios -of_objects [get_hw_devices xc7a35t_0] -filter {CELL_NAME=~"u_zc_ddr_mig/u_vio_phy_init_done"}]]
commit_hw_vio [get_hw_probes {u_zc_ddr_mig/phy_init_done} -of_objects [get_hw_vios -of_objects [get_hw_devices xc7a35t_0] -filter {CELL_NAME=~"u_zc_ddr_mig/u_vio_phy_init_done"}]]
set_property OUTPUT_VALUE 1 [get_hw_probes u_user_rw_req_generate/vio_wr -of_objects [get_hw_vios -of_objects [get_hw_devices xc7a35t_0] -filter {CELL_NAME=~"u_user_rw_req_generate/u_vio_rw_trigger"}]]
commit_hw_vio [get_hw_probes {u_user_rw_req_generate/vio_wr} -of_objects [get_hw_vios -of_objects [get_hw_devices xc7a35t_0] -filter {CELL_NAME=~"u_user_rw_req_generate/u_vio_rw_trigger"}]]
set_property OUTPUT_VALUE 0 [get_hw_probes u_user_rw_req_generate/vio_wr -of_objects [get_hw_vios -of_objects [get_hw_devices xc7a35t_0] -filter {CELL_NAME=~"u_user_rw_req_generate/u_vio_rw_trigger"}]]
commit_hw_vio [get_hw_probes {u_user_rw_req_generate/vio_wr} -of_objects [get_hw_vios -of_objects [get_hw_devices xc7a35t_0] -filter {CELL_NAME=~"u_user_rw_req_generate/u_vio_rw_trigger"}]]
set_property OUTPUT_VALUE 1 [get_hw_probes u_user_rw_req_generate/vio_rd -of_objects [get_hw_vios -of_objects [get_hw_devices xc7a35t_0] -filter {CELL_NAME=~"u_user_rw_req_generate/u_vio_rw_trigger"}]]
commit_hw_vio [get_hw_probes {u_user_rw_req_generate/vio_rd} -of_objects [get_hw_vios -of_objects [get_hw_devices xc7a35t_0] -filter {CELL_NAME=~"u_user_rw_req_generate/u_vio_rw_trigger"}]]
wait_on_hw_ila [get_hw_ilas -of_objects [get_hw_devices xc7a35t_0] -filter {CELL_NAME=~"u_ila_0"}]
display_hw_ila_data [upload_hw_ila_data [get_hw_ilas -of_objects [get_hw_devices xc7a35t_0] -filter {CELL_NAME=~"u_ila_0"}]]
INFO: [Labtools 27-1966] The ILA core 'hw_ila_1' triggered at 2024-May-20 23:55:03
INFO: [Labtools 27-3304] ILA Waveform data saved to file D:/software_download_zc/Vivado/vivado_my_projects_2/IC/vivado_ddrc_484_2_ddr_eth/ddrc_484_2.hw/backup/hw_ila_data_1.ila. Use Tcl command 'read_hw_ila_data' or Vivado File->Import->Import ILA Data menu item to import the previously saved data.
set_property OUTPUT_VALUE 0 [get_hw_probes u_user_rw_req_generate/vio_rd -of_objects [get_hw_vios -of_objects [get_hw_devices xc7a35t_0] -filter {CELL_NAME=~"u_user_rw_req_generate/u_vio_rw_trigger"}]]
commit_hw_vio [get_hw_probes {u_user_rw_req_generate/vio_rd} -of_objects [get_hw_vios -of_objects [get_hw_devices xc7a35t_0] -filter {CELL_NAME=~"u_user_rw_req_generate/u_vio_rw_trigger"}]]
ERROR: [Labtoolstcl 44-513] HW Target shutdown. Closing target: localhost:3121/xilinx_tcf/Digilent/D305B979ABCD
exit
INFO: [Common 17-206] Exiting Vivado at Mon May 20 23:55:20 2024...
